<?xml version="1.0" encoding="UTF-8"?>
<!-- Generated by org.testng.reporters.JUnitReportReporter -->
<testsuite skipped="0" hostname="DLLA0940" name="testngPractise.Sorting_col" tests="1" failures="0" timestamp="18 Jul 2018 10:40:03 GMT" time="23.869" errors="0">
  <testcase name="sortCheck" time="23.869" classname="testngPractise.Sorting_col"/>
</testsuite> <!-- testngPractise.Sorting_col -->
