<?xml version="1.0" encoding="UTF-8"?>
<!-- Generated by org.testng.reporters.JUnitReportReporter -->
<testsuite skipped="0" hostname="DLLA0940" name="testngPractise.LongestPalindrome" tests="1" failures="0" timestamp="24 Jul 2018 05:48:50 GMT" time="0.010" errors="0">
  <testcase name="pal" time="0.010" classname="testngPractise.LongestPalindrome"/>
</testsuite> <!-- testngPractise.LongestPalindrome -->
