<?xml version="1.0" encoding="UTF-8"?>
<!-- Generated by org.testng.reporters.JUnitReportReporter -->
<testsuite skipped="0" hostname="DLLA0940" name="testngPractise.Katespade_Register" tests="1" failures="0" timestamp="08 Jun 2018 08:38:32 GMT" time="52.195" errors="0">
  <testcase name="register" time="52.195" classname="testngPractise.Katespade_Register"/>
</testsuite> <!-- testngPractise.Katespade_Register -->
