<?xml version="1.0" encoding="UTF-8"?>
<!-- Generated by org.testng.reporters.JUnitReportReporter -->
<testsuite skipped="0" hostname="DLLA0940" name="testngPractise.TestClass3" tests="3" failures="0" timestamp="21 May 2018 12:17:42 GMT" time="0.022" errors="0">
  <testcase name="testGroup3" time="0.003" classname="testngPractise.TestClass3"/>
  <testcase name="testGroup1" time="0.017" classname="testngPractise.TestClass3"/>
  <testcase name="testGroup2" time="0.002" classname="testngPractise.TestClass3"/>
</testsuite> <!-- testngPractise.TestClass3 -->
