<?xml version="1.0" encoding="UTF-8"?>
<!-- Generated by org.testng.reporters.JUnitReportReporter -->
<testsuite skipped="0" hostname="DLLA0940" name="testngPractise.FrequencyofChar" tests="1" failures="0" timestamp="23 Jul 2018 13:52:54 GMT" time="0.018" errors="0">
  <testcase name="CountChar" time="0.018" classname="testngPractise.FrequencyofChar"/>
</testsuite> <!-- testngPractise.FrequencyofChar -->
