<?xml version="1.0" encoding="UTF-8"?>
<!-- Generated by org.testng.reporters.JUnitReportReporter -->
<testsuite skipped="0" hostname="DLLA0940" name="testngPractise.TestClass1" tests="1" failures="0" timestamp="21 May 2018 06:00:48 GMT" time="0.019" errors="0">
  <testcase name="print" time="0.019" classname="testngPractise.TestClass1"/>
</testsuite> <!-- testngPractise.TestClass1 -->
